           _                 _    
  __ _  __| |_ __ __ _ _ __ | |_  
 / _` |/ _` | '__/ _` | '_ \| __| 
| (_| | (_| | | | (_| | | | | |_  
 \__, |\__,_|_|  \__,_|_| |_|\__| 
    |_|                           

Version: 1.11.4, build: d8b6e4a0
Access web UI at http://localhost:6333/dashboard

2024-09-25T10:51:29.209322Z  INFO storage::content_manager::consensus::persistent: Loading raft state from ./storage/raft_state.json    
2024-09-25T10:51:29.209471Z DEBUG storage::content_manager::consensus::persistent: State: Persistent { state: RaftState { hard_state: HardState { term: 0, vote: 0, commit: 0 }, conf_state: ConfState { voters: [1184676385474392], learners: [], voters_outgoing: [], learners_next: [], auto_leave: false } }, latest_snapshot_meta: SnapshotMetadataSer { term: 0, index: 0 }, apply_progress_queue: EntryApplyProgressQueue(None), peer_address_by_id: RwLock { data: {} }, peer_metadata_by_id: RwLock { data: {} }, cluster_metadata: {}, this_peer_id: 1184676385474392, path: "./storage/raft_state.json", dirty: false }    
2024-09-25T10:51:29.241946Z  INFO storage::content_manager::toc: Loading collection: default    
2024-09-25T10:51:29.597503Z  INFO collection::shards::local_shard: Recovering collection default: 0/1 (0%)    
2024-09-25T10:51:29.709554Z  INFO collection::shards::local_shard: Recovered collection default: 1/1 (100%)    
2024-09-25T10:51:29.715281Z DEBUG qdrant: Loaded collection: default    
2024-09-25T10:51:29.715310Z  INFO qdrant: Distributed mode disabled    
2024-09-25T10:51:29.715330Z  INFO qdrant: Telemetry reporting disabled    
2024-09-25T10:51:29.715564Z DEBUG qdrant: Waiting for thread web to finish    
2024-09-25T10:51:29.716178Z  WARN qdrant::actix::web_ui: Static content folder for Web UI './static' does not exist    
2024-09-25T10:51:29.716857Z  INFO qdrant::actix: TLS disabled for REST API    
2024-09-25T10:51:29.716899Z  INFO qdrant::actix: Qdrant HTTP listening on 6333    
2024-09-25T10:51:29.716910Z  INFO actix_server::builder: Starting 15 workers
2024-09-25T10:51:29.716919Z  INFO actix_server::server: Actix runtime found; starting in Actix runtime
2024-09-25T10:51:29.722489Z  INFO qdrant::tonic: Qdrant gRPC listening on 6334    
2024-09-25T10:51:29.722524Z  INFO qdrant::tonic: TLS disabled for gRPC API    
2024-09-25T10:51:43.727877Z  INFO actix_web::middleware::logger: 127.0.0.1 "POST /collections/default/points/search HTTP/1.1" 200 46 "-" "-" 0.004210    
2024-09-25T10:52:58.367351Z  INFO actix_web::middleware::logger: 127.0.0.1 "POST /collections/default/points/search HTTP/1.1" 200 29113 "-" "-" 0.005813    
2024-09-25T10:53:44.278728Z  INFO actix_web::middleware::logger: 127.0.0.1 "POST /collections/default/points/search HTTP/1.1" 200 19586 "-" "-" 0.002655    
2024-09-25T11:23:57.969025Z  INFO actix_web::middleware::logger: 127.0.0.1 "POST /collections/default/points/search HTTP/1.1" 200 28735 "-" "-" 0.002699    
